<?xml version="1.0" encoding="UTF-8"?>

<beans xmlns="http://www.springframework.org/schema/beans"
       xmlns:xsi="http://www.w3.org/2001/XMLSchema-instance"
       xsi:schemaLocation="
       http://www.springframework.org/schema/beans http://www.springframework.org/schema/beans/spring-beans.xsd">
	
	<bean id="messageFactory" class="org.springframework.ws.soap.saaj.SaajSoapMessageFactory"/>
	
	<bean id="jaxbMarshaller" class="org.springframework.oxm.jaxb.Jaxb2Marshaller">
        <property name="contextPath" value="fr.aphp.tumorotek.interfacage.jaxb.inclusion" />
    </bean>
    
    <bean id="inclusionServiceTemplate" 
    		class="org.springframework.ws.client.core.WebServiceTemplate">
        <constructor-arg ref="messageFactory" />
        <property name="marshaller" ref="jaxbMarshaller"></property>
        <property name="unmarshaller" ref="jaxbMarshaller"></property>
<!--        <property name="messageSender">-->
<!--            <bean-->
<!--                class="org.springframework.ws.transport.http.CommonsHttpMessageSender">-->
<!--            </bean>-->
<!--        </property>-->
        <property name="defaultUri" value="http://localhost:8080/OpenClinica-ws/ws/studySubject/v1/studySubjectWsdl.wsdl" />
<!--         <property name="defaultUri" value="http://localhost:8080/Tumo2-webapp/services/inclusion" /> -->
        <property name="interceptors">  
        	<list>  
            	<ref bean="xwsSecurityInterceptor"/>  
        	</list>  
    	</property> 
    </bean>
        <bean id="inclusionServiceTemplateTK" 
    		class="org.springframework.ws.client.core.WebServiceTemplate">
        <constructor-arg ref="messageFactory" />
        <property name="marshaller" ref="jaxbMarshaller"></property>
        <property name="unmarshaller" ref="jaxbMarshaller"></property>
<!--        <property name="messageSender">-->
<!--            <bean-->
<!--                class="org.springframework.ws.transport.http.CommonsHttpMessageSender">-->
<!--            </bean>-->
<!--        </property>-->
<!--         <property name="defaultUri" value="http://localhost:8080/OpenClinica-ws/ws/studySubject/v1/studySubjectWsdl.wsdl" /> -->
        <property name="defaultUri" value="http://localhost:8080/Tumo2-webapp/services/inclusion" />
<!--         <property name="interceptors">   -->
<!--         	<list>   -->
<!--             	<ref local="xwsSecurityInterceptor"/>   -->
<!--         	</list>   -->
<!--     	</property>  -->
    </bean>
    
    <bean id="xwsSecurityInterceptor"
   		class="org.springframework.ws.soap.security.xwss.XwsSecurityInterceptor">
      	<property name="policyConfiguration" value="securityPolicy.xml"/>
      	<property name="callbackHandlers">
              <list>
                  <ref bean="callbackHandler"/>
              </list>
      	</property>
 	</bean>
 	
 	<!--  As a client the username and password generated by the server must match with the client! -->
	 <!-- a simple callback handler to configure users and passwords with an in-memory Properties object. -->
	 <bean id="callbackHandler" class="org.springframework.ws.soap.security.xwss.callback.SimplePasswordValidationCallbackHandler">
	     <property name="users">
	         <props>
	             <prop key="dbadmin">7c222fb2927d828af22f592134e8932480637c0d</prop>
	         </props>
	     </property>
	 </bean>
    
<!--     <bean id="wsClientSecurityInterceptor"   -->
<!--     					class="org.springframework.ws.soap.security.wss4j.XwsSecurityInterceptor">    -->
<!--     	<property name="securementActions" value="UsernameToken"/> -->
<!--     	<property name="securementUsername" value="dbadmin"/> -->
<!--     	<property name="securementPassword" value="7c222fb2927d828af22f592134e8932480637c0d"/> -->
<!-- 	</bean>   -->
    
    <bean id="inclusionServiceClient" class="fr.aphp.tumorotek.interfacage.jaxb.inclusion.InclusionServiceClientImpl">
        <property name="webServiceTemplate" ref="inclusionServiceTemplate"/>
        <property name="webServiceTemplateTK" ref="inclusionServiceTemplateTK"/>
    </bean>

</beans>
