<?xml version="1.0" encoding="UTF-8"?>

<beans xmlns="http://www.springframework.org/schema/beans"
	xmlns:xsi="http://www.w3.org/2001/XMLSchema-instance" xmlns:camel="http://camel.apache.org/schema/spring"
	xsi:schemaLocation="
       http://www.springframework.org/schema/beans http://www.springframework.org/schema/beans/spring-beans.xsd
       http://camel.apache.org/schema/spring http://camel.apache.org/schema/spring/camel-spring.xsd">


	<bean id="camelConfigLocation" class="java.lang.String">
		<constructor-arg value="src/test/resources/test-" />
	</bean>


	<bean id="portalConfigLocation" class="java.lang.String">
		<constructor-arg value="src/test/resources/test-" />
	</bean>

	<bean id="mockAllEndpoints"
		class="org.apache.camel.impl.InterceptSendToMockEndpointStrategy" />

	<!-- import the routes from another XML file -->
	<import resource="sip-routes.xml" />
	<import resource="sgl-routes.xml" />
	<import resource="sender-routes.xml" />
	<import resource="scan/scan-routes.xml" />
	<!-- the Camel route is defined in another XML file -->
	<import resource="camel-config-commun.xml" />

</beans>
